2025-06-28 11:28:52,749 - INFO - setup_logger:47 - Debug mode enabled. Logging to: E:\Github Projects\Updater\app.log
2025-06-28 11:28:52,754 - INFO - archive_current_version:338 - Archived current version to: C:\Users\Josh\AppData\Local\Temp\test_script_versioning\Older Versions\2025-06-28_11-28-52_test123a
2025-06-28 11:28:52,761 - INFO - archive_current_version:338 - Archived current version to: C:\Users\Josh\AppData\Local\Temp\test_script_versioning\Older Versions\2025-06-28_11-28-52_version1
2025-06-28 11:28:52,764 - INFO - archive_current_version:338 - Archived current version to: C:\Users\Josh\AppData\Local\Temp\test_script_versioning\Older Versions\2025-06-28_11-28-52_version2
2025-06-28 11:31:56,818 - INFO - setup_logger:47 - Debug mode enabled. Logging to: E:\Github Projects\Updater\app.log
2025-06-28 11:31:56,847 - INFO - archive_current_version:338 - Archived current version to: C:/Programs/Diablo 4 Stuff/diablo_qqt/Updater/scripts test\Sorc_Rota_salad\Older Versions\2025-06-28_11-31-56_manual_t
2025-06-28 11:57:25,019 - INFO - setup_logger:47 - Debug mode enabled. Logging to: E:\Github Projects\Updater\app.log
2025-06-28 11:57:25,019 - INFO - toggle_debug_mode:1106 - Debug mode enabled
2025-06-28 11:57:35,958 - DEBUG - determine_effective_branch:156 - Effective branch determined: main
2025-06-28 11:57:35,964 - DEBUG - get_github_headers:23 - Using GitHub token authentication
2025-06-28 11:57:35,964 - DEBUG - _new_conn:1049 - Starting new HTTPS connection (1): api.github.com:443
2025-06-28 11:57:36,407 - DEBUG - _make_request:544 - https://api.github.com:443 "GET /repos/RadDude42/Sorc_Rota_salad/commits/main HTTP/1.1" 200 None
2025-06-28 11:57:36,427 - INFO - archive_current_version:350 - Archived current version to: C:/Programs/Diablo 4 Stuff/diablo_qqt/Updater/scripts test\Sorc_Rota_salad\Older Versions\2025-06-28_11-57-36_540db8a7
2025-06-28 11:57:36,427 - DEBUG - determine_effective_branch:156 - Effective branch determined: main
2025-06-28 11:57:36,427 - DEBUG - get_github_headers:23 - Using GitHub token authentication
2025-06-28 11:57:36,428 - DEBUG - _new_conn:1049 - Starting new HTTPS connection (1): api.github.com:443
2025-06-28 11:57:36,770 - DEBUG - _make_request:544 - https://api.github.com:443 "GET /repos/RadDude42/Sorc_Rota_salad/zipball/main HTTP/1.1" 302 0
2025-06-28 11:57:36,770 - DEBUG - _new_conn:1049 - Starting new HTTPS connection (1): codeload.github.com:443
2025-06-28 11:57:37,133 - DEBUG - _make_request:544 - https://codeload.github.com:443 "GET /RadDude42/Sorc_Rota_salad/legacy.zip/refs/heads/main HTTP/1.1" 200 None
2025-06-28 11:57:37,228 - DEBUG - download_folder_from_github:234 - Creating directory for main extraction: C:/Programs/Diablo 4 Stuff/diablo_qqt/Updater/scripts test\Sorc_Rota_salad
2025-06-28 11:57:37,241 - INFO - update_selected_scripts:442 - Sorc_Rota_salad updated to SHA c161d92bf437b93071585899949a918aa4e1bc82. New path: C:/Programs/Diablo 4 Stuff/diablo_qqt/Updater/scripts test\Sorc_Rota_salad
2025-06-28 12:00:27,032 - INFO - setup_logger:47 - Debug mode enabled. Logging to: E:\Github Projects\Updater\app.log
2025-06-28 12:00:27,052 - INFO - archive_current_version:350 - Archived current version to: C:/Programs/Diablo 4 Stuff/diablo_qqt/Updater/scripts test/Sorc_Rota_salad\Older Versions\2025-06-28_12-00-27_test_deb
2025-06-28 12:01:27,512 - INFO - setup_logger:47 - Debug mode enabled. Logging to: E:\Github Projects\Updater\app.log
2025-06-28 12:01:27,512 - INFO - __init__:53 - Application started
2025-06-28 12:01:28,034 - DEBUG - determine_effective_branch:156 - Effective branch determined: main
2025-06-28 12:01:28,034 - DEBUG - get_github_headers:23 - Using GitHub token authentication
2025-06-28 12:01:28,036 - DEBUG - _new_conn:1049 - Starting new HTTPS connection (1): api.github.com:443
2025-06-28 12:01:28,434 - DEBUG - _make_request:544 - https://api.github.com:443 "GET /repos/RadDude42/Sorc_Rota_salad/commits/main HTTP/1.1" 200 None
2025-07-03 20:00:24,172 - INFO - setup_logger:47 - Debug mode enabled. Logging to: E:\Github Projects\Updater\app.log
2025-07-03 20:00:24,172 - INFO - toggle_debug_mode:1132 - Debug mode enabled
2025-07-03 20:00:26,831 - DEBUG - determine_effective_branch:171 - Effective branch determined: main
2025-07-03 20:00:26,839 - INFO - perform_update:654 - Using update method: overwrite
2025-07-03 20:00:26,839 - DEBUG - determine_effective_branch:171 - Effective branch determined: main
2025-07-03 20:00:26,839 - DEBUG - get_github_headers:38 - Using GitHub token authentication
2025-07-03 20:00:26,840 - DEBUG - _new_conn:1049 - Starting new HTTPS connection (1): api.github.com:443
2025-07-03 20:00:27,428 - DEBUG - _make_request:544 - https://api.github.com:443 "GET /repos/RadDude42/Sorc_Rota_salad/zipball/main HTTP/1.1" 401 109
2025-07-03 20:01:39,886 - INFO - setup_logger:47 - Debug mode enabled. Logging to: E:\Github Projects\Updater\app.log
2025-07-03 20:01:39,887 - INFO - __init__:59 - Application started
2025-07-03 20:01:50,647 - DEBUG - determine_effective_branch:171 - Effective branch determined: main
2025-07-03 20:01:50,651 - INFO - perform_update:654 - Using update method: differential
2025-07-03 20:01:50,651 - INFO - differential_update_from_github:544 - Starting differential update for https://github.com/RadDude42/Sorc_Rota_salad
2025-07-03 20:01:50,653 - DEBUG - differential_update_from_github:556 - Downloading to temporary directory: C:\Users\Josh\AppData\Local\Temp\tmphec37b38
2025-07-03 20:01:50,653 - DEBUG - determine_effective_branch:171 - Effective branch determined: main
2025-07-03 20:01:50,654 - DEBUG - get_github_headers:38 - Using GitHub token authentication
2025-07-03 20:01:50,655 - DEBUG - _new_conn:1049 - Starting new HTTPS connection (1): api.github.com:443
2025-07-03 20:01:51,166 - DEBUG - _make_request:544 - https://api.github.com:443 "GET /repos/RadDude42/Sorc_Rota_salad/zipball/main HTTP/1.1" 401 109
2025-07-03 20:03:57,779 - INFO - setup_logger:47 - Debug mode enabled. Logging to: E:\Github Projects\Updater\app.log
2025-07-03 20:03:57,779 - INFO - __init__:59 - Application started
2025-07-03 20:04:04,725 - INFO - save_github_token:1147 - GitHub token saved successfully
2025-07-03 20:04:18,740 - DEBUG - determine_effective_branch:171 - Effective branch determined: main
2025-07-03 20:04:18,742 - INFO - perform_update:654 - Using update method: differential
2025-07-03 20:04:18,742 - INFO - differential_update_from_github:544 - Starting differential update for https://github.com/RadDude42/Sorc_Rota_salad
2025-07-03 20:04:18,743 - DEBUG - differential_update_from_github:556 - Downloading to temporary directory: C:\Users\Josh\AppData\Local\Temp\tmpjw5o9sbf
2025-07-03 20:04:18,743 - DEBUG - determine_effective_branch:171 - Effective branch determined: main
2025-07-03 20:04:18,744 - DEBUG - get_github_headers:38 - Using GitHub token authentication
2025-07-03 20:04:18,745 - DEBUG - _new_conn:1049 - Starting new HTTPS connection (1): api.github.com:443
2025-07-03 20:04:19,295 - DEBUG - _make_request:544 - https://api.github.com:443 "GET /repos/RadDude42/Sorc_Rota_salad/zipball/main HTTP/1.1" 302 0
2025-07-03 20:04:19,296 - DEBUG - _new_conn:1049 - Starting new HTTPS connection (1): codeload.github.com:443
2025-07-03 20:04:19,866 - DEBUG - _make_request:544 - https://codeload.github.com:443 "GET /RadDude42/Sorc_Rota_salad/legacy.zip/refs/heads/main HTTP/1.1" 200 None
2025-07-03 20:04:19,962 - DEBUG - download_folder_from_github:257 - Creating directory for main extraction: C:\Users\Josh\AppData\Local\Temp\tmpjw5o9sbf
2025-07-03 20:04:19,991 - DEBUG - differential_update_from_github:618 - Updated file: .gitignore
2025-07-03 20:04:20,000 - DEBUG - differential_update_from_github:618 - Updated file: main.lua
2025-07-03 20:04:20,011 - DEBUG - differential_update_from_github:618 - Updated file: menu.lua
2025-07-03 20:04:20,018 - DEBUG - differential_update_from_github:618 - Updated file: spell_priority.lua
2025-07-03 20:04:20,027 - DEBUG - differential_update_from_github:618 - Updated file: Test
2025-07-03 20:04:20,036 - DEBUG - differential_update_from_github:618 - Updated file: my_utility\my_target_selector.lua
2025-07-03 20:04:20,046 - DEBUG - differential_update_from_github:618 - Updated file: my_utility\my_utility.lua
2025-07-03 20:04:20,055 - DEBUG - differential_update_from_github:618 - Updated file: my_utility\spell_data.lua
2025-07-03 20:04:20,065 - DEBUG - differential_update_from_github:618 - Updated file: spells\arc_lash.lua
2025-07-03 20:04:20,075 - DEBUG - differential_update_from_github:618 - Updated file: spells\ball.lua
2025-07-03 20:04:20,084 - DEBUG - differential_update_from_github:618 - Updated file: spells\blizzard.lua
2025-07-03 20:04:20,093 - DEBUG - differential_update_from_github:618 - Updated file: spells\chain_lightning.lua
2025-07-03 20:04:20,101 - DEBUG - differential_update_from_github:618 - Updated file: spells\charged_bolts.lua
2025-07-03 20:04:20,111 - DEBUG - differential_update_from_github:618 - Updated file: spells\deep_freeze.lua
2025-07-03 20:04:20,119 - DEBUG - differential_update_from_github:618 - Updated file: spells\familiars.lua
2025-07-03 20:04:20,130 - DEBUG - differential_update_from_github:618 - Updated file: spells\fireball.lua
2025-07-03 20:04:20,138 - DEBUG - differential_update_from_github:618 - Updated file: spells\firewall.lua
2025-07-03 20:04:20,148 - DEBUG - differential_update_from_github:618 - Updated file: spells\fire_bolt.lua
2025-07-03 20:04:20,158 - DEBUG - differential_update_from_github:618 - Updated file: spells\flame_shield.lua
2025-07-03 20:04:20,167 - DEBUG - differential_update_from_github:618 - Updated file: spells\frost_bolt.lua
2025-07-03 20:04:20,177 - DEBUG - differential_update_from_github:618 - Updated file: spells\frost_nova.lua
2025-07-03 20:04:20,185 - DEBUG - differential_update_from_github:618 - Updated file: spells\frozen_orb.lua
2025-07-03 20:04:20,195 - DEBUG - differential_update_from_github:618 - Updated file: spells\hydra.lua
2025-07-03 20:04:20,204 - DEBUG - differential_update_from_github:618 - Updated file: spells\ice_armor.lua
2025-07-03 20:04:20,214 - DEBUG - differential_update_from_github:618 - Updated file: spells\ice_blade.lua
2025-07-03 20:04:20,222 - DEBUG - differential_update_from_github:618 - Updated file: spells\ice_shards.lua
2025-07-03 20:04:20,231 - DEBUG - differential_update_from_github:618 - Updated file: spells\incinerate.lua
2025-07-03 20:04:20,241 - DEBUG - differential_update_from_github:618 - Updated file: spells\inferno.lua
2025-07-03 20:04:20,250 - DEBUG - differential_update_from_github:618 - Updated file: spells\meteor.lua
2025-07-03 20:04:20,261 - DEBUG - differential_update_from_github:618 - Updated file: spells\spark.lua
2025-07-03 20:04:20,269 - DEBUG - differential_update_from_github:618 - Updated file: spells\spear.lua
2025-07-03 20:04:20,280 - DEBUG - differential_update_from_github:618 - Updated file: spells\teleport.lua
2025-07-03 20:04:20,290 - DEBUG - differential_update_from_github:618 - Updated file: spells\teleport_ench.lua
2025-07-03 20:04:20,300 - DEBUG - differential_update_from_github:618 - Updated file: spells\unstable_current.lua
2025-07-03 20:04:20,301 - INFO - differential_update_from_github:627 - Differential update completed. Files compared: 34, Updated: 34, Added: 0
2025-07-03 20:04:20,307 - DEBUG - determine_effective_branch:171 - Effective branch determined: main
2025-07-03 20:04:20,308 - DEBUG - get_github_headers:38 - Using GitHub token authentication
2025-07-03 20:04:20,309 - DEBUG - _new_conn:1049 - Starting new HTTPS connection (1): api.github.com:443
2025-07-03 20:04:20,845 - DEBUG - _make_request:544 - https://api.github.com:443 "GET /repos/RadDude42/Sorc_Rota_salad/commits/main HTTP/1.1" 200 None
2025-07-03 20:06:03,027 - DEBUG - determine_effective_branch:171 - Effective branch determined: main
2025-07-03 20:06:03,028 - DEBUG - get_github_headers:38 - Using GitHub token authentication
2025-07-03 20:06:03,029 - DEBUG - _new_conn:1049 - Starting new HTTPS connection (1): api.github.com:443
2025-07-03 20:06:03,676 - DEBUG - _make_request:544 - https://api.github.com:443 "GET /repos/RadDude42/Sorc_Rota_salad/commits/main HTTP/1.1" 200 None
2025-07-03 20:06:03,707 - INFO - archive_current_version_smart:421 - Archived current version to: C:/Programs/Diablo 4 Stuff/diablo_qqt/Updater/scripts test\Sorc_Rota_salad\Older Versions\2025-07-03_20-06-03_7eaa8ee5_from-github
2025-07-03 20:06:03,708 - INFO - perform_update:654 - Using update method: differential
2025-07-03 20:06:03,708 - INFO - differential_update_from_github:544 - Starting differential update for https://github.com/RadDude42/Sorc_Rota_salad
2025-07-03 20:06:03,732 - DEBUG - differential_update_from_github:552 - Backed up Older Versions to: C:\Users\Josh\AppData\Local\Temp\tmphdhp107w
2025-07-03 20:06:03,732 - DEBUG - differential_update_from_github:556 - Downloading to temporary directory: C:\Users\Josh\AppData\Local\Temp\tmpwknq3c_8
2025-07-03 20:06:03,732 - DEBUG - determine_effective_branch:171 - Effective branch determined: main
2025-07-03 20:06:03,732 - DEBUG - get_github_headers:38 - Using GitHub token authentication
2025-07-03 20:06:03,733 - DEBUG - _new_conn:1049 - Starting new HTTPS connection (1): api.github.com:443
2025-07-03 20:06:04,237 - DEBUG - _make_request:544 - https://api.github.com:443 "GET /repos/RadDude42/Sorc_Rota_salad/zipball/main HTTP/1.1" 302 0
2025-07-03 20:06:04,238 - DEBUG - _new_conn:1049 - Starting new HTTPS connection (1): codeload.github.com:443
2025-07-03 20:06:04,764 - DEBUG - _make_request:544 - https://codeload.github.com:443 "GET /RadDude42/Sorc_Rota_salad/legacy.zip/refs/heads/main HTTP/1.1" 200 None
2025-07-03 20:06:04,850 - DEBUG - download_folder_from_github:257 - Creating directory for main extraction: C:\Users\Josh\AppData\Local\Temp\tmpwknq3c_8
2025-07-03 20:06:04,892 - DEBUG - differential_update_from_github:572 - Restored Older Versions folder
2025-07-03 20:06:04,894 - DEBUG - differential_update_from_github:606 - File unchanged, skipping: .gitignore
2025-07-03 20:06:04,905 - DEBUG - differential_update_from_github:606 - File unchanged, skipping: main.lua
2025-07-03 20:06:04,906 - DEBUG - differential_update_from_github:606 - File unchanged, skipping: menu.lua
2025-07-03 20:06:04,907 - DEBUG - differential_update_from_github:606 - File unchanged, skipping: spell_priority.lua
2025-07-03 20:06:04,916 - DEBUG - differential_update_from_github:618 - Updated file: Test
2025-07-03 20:06:04,925 - DEBUG - differential_update_from_github:606 - File unchanged, skipping: my_utility\my_target_selector.lua
2025-07-03 20:06:04,936 - DEBUG - differential_update_from_github:606 - File unchanged, skipping: my_utility\my_utility.lua
2025-07-03 20:06:04,937 - DEBUG - differential_update_from_github:606 - File unchanged, skipping: my_utility\spell_data.lua
2025-07-03 20:06:04,938 - DEBUG - differential_update_from_github:606 - File unchanged, skipping: spells\arc_lash.lua
2025-07-03 20:06:04,939 - DEBUG - differential_update_from_github:606 - File unchanged, skipping: spells\ball.lua
2025-07-03 20:06:04,940 - DEBUG - differential_update_from_github:606 - File unchanged, skipping: spells\blizzard.lua
2025-07-03 20:06:04,942 - DEBUG - differential_update_from_github:606 - File unchanged, skipping: spells\chain_lightning.lua
2025-07-03 20:06:04,943 - DEBUG - differential_update_from_github:606 - File unchanged, skipping: spells\charged_bolts.lua
2025-07-03 20:06:04,944 - DEBUG - differential_update_from_github:606 - File unchanged, skipping: spells\deep_freeze.lua
2025-07-03 20:06:04,946 - DEBUG - differential_update_from_github:606 - File unchanged, skipping: spells\familiars.lua
2025-07-03 20:06:04,948 - DEBUG - differential_update_from_github:606 - File unchanged, skipping: spells\fireball.lua
2025-07-03 20:06:04,950 - DEBUG - differential_update_from_github:606 - File unchanged, skipping: spells\firewall.lua
2025-07-03 20:06:04,952 - DEBUG - differential_update_from_github:606 - File unchanged, skipping: spells\fire_bolt.lua
2025-07-03 20:06:04,954 - DEBUG - differential_update_from_github:606 - File unchanged, skipping: spells\flame_shield.lua
2025-07-03 20:06:04,955 - DEBUG - differential_update_from_github:606 - File unchanged, skipping: spells\frost_bolt.lua
2025-07-03 20:06:04,956 - DEBUG - differential_update_from_github:606 - File unchanged, skipping: spells\frost_nova.lua
2025-07-03 20:06:04,957 - DEBUG - differential_update_from_github:606 - File unchanged, skipping: spells\frozen_orb.lua
2025-07-03 20:06:04,959 - DEBUG - differential_update_from_github:606 - File unchanged, skipping: spells\hydra.lua
2025-07-03 20:06:04,960 - DEBUG - differential_update_from_github:606 - File unchanged, skipping: spells\ice_armor.lua
2025-07-03 20:06:04,961 - DEBUG - differential_update_from_github:606 - File unchanged, skipping: spells\ice_blade.lua
2025-07-03 20:06:04,963 - DEBUG - differential_update_from_github:606 - File unchanged, skipping: spells\ice_shards.lua
2025-07-03 20:06:04,965 - DEBUG - differential_update_from_github:606 - File unchanged, skipping: spells\incinerate.lua
2025-07-03 20:06:04,967 - DEBUG - differential_update_from_github:606 - File unchanged, skipping: spells\inferno.lua
2025-07-03 20:06:04,970 - DEBUG - differential_update_from_github:606 - File unchanged, skipping: spells\meteor.lua
2025-07-03 20:06:04,971 - DEBUG - differential_update_from_github:606 - File unchanged, skipping: spells\spark.lua
2025-07-03 20:06:04,972 - DEBUG - differential_update_from_github:606 - File unchanged, skipping: spells\spear.lua
2025-07-03 20:06:04,981 - DEBUG - differential_update_from_github:606 - File unchanged, skipping: spells\teleport.lua
2025-07-03 20:06:04,983 - DEBUG - differential_update_from_github:606 - File unchanged, skipping: spells\teleport_ench.lua
2025-07-03 20:06:04,985 - DEBUG - differential_update_from_github:606 - File unchanged, skipping: spells\unstable_current.lua
2025-07-03 20:06:04,991 - INFO - differential_update_from_github:627 - Differential update completed. Files compared: 34, Updated: 1, Added: 0
2025-07-03 20:06:04,997 - INFO - update_selected_scripts:465 - Sorc_Rota_salad updated to SHA 7281007b5340c6b3c8aa5e0d8ddabf61912e0584. New path: C:/Programs/Diablo 4 Stuff/diablo_qqt/Updater/scripts test\Sorc_Rota_salad
